[2021-11-13 16:01:22,767] INFO [GroupCoordinator 0]: Dynamic Member with unknown member id joins group e939afa2-a19d-4b85-9c9f-7f44657ccd19 in Empty state. Created a new member id kafka-python-2.0.2-023dacb8-7934-48eb-a2c6-994bd62e1f47 for this member and add to the group. (kafka.coordinator.group.GroupCoordinator)
[2021-11-13 16:01:22,768] INFO [GroupCoordinator 0]: Preparing to rebalance group e939afa2-a19d-4b85-9c9f-7f44657ccd19 in state PreparingRebalance with old generation 0 (__consumer_offsets-44) (reason: Adding new member kafka-python-2.0.2-023dacb8-7934-48eb-a2c6-994bd62e1f47 with group instance id None) (kafka.coordinator.group.GroupCoordinator)
[2021-11-13 16:01:22,768] INFO [GroupCoordinator 0]: Stabilized group e939afa2-a19d-4b85-9c9f-7f44657ccd19 generation 1 (__consumer_offsets-44) with 1 members (kafka.coordinator.group.GroupCoordinator)
[2021-11-13 16:01:22,769] INFO [GroupCoordinator 0]: Assignment received from leader kafka-python-2.0.2-023dacb8-7934-48eb-a2c6-994bd62e1f47 for group e939afa2-a19d-4b85-9c9f-7f44657ccd19 for generation 1. The group has 1 members, 0 of which are static. (kafka.coordinator.group.GroupCoordinator)
[2021-11-13 16:01:22,795] INFO [GroupCoordinator 0]: Preparing to rebalance group e939afa2-a19d-4b85-9c9f-7f44657ccd19 in state PreparingRebalance with old generation 1 (__consumer_offsets-44) (reason: Removing member kafka-python-2.0.2-023dacb8-7934-48eb-a2c6-994bd62e1f47 on LeaveGroup) (kafka.coordinator.group.GroupCoordinator)
[2021-11-13 16:01:22,795] INFO [GroupCoordinator 0]: Group e939afa2-a19d-4b85-9c9f-7f44657ccd19 with generation 2 is now empty (__consumer_offsets-44) (kafka.coordinator.group.GroupCoordinator)
[2021-11-13 16:01:22,796] INFO [GroupCoordinator 0]: Member MemberMetadata(memberId=kafka-python-2.0.2-023dacb8-7934-48eb-a2c6-994bd62e1f47, groupInstanceId=None, clientId=kafka-python-2.0.2, clientHost=/127.0.0.1, sessionTimeoutMs=10000, rebalanceTimeoutMs=300000, supportedProtocols=List(range, roundrobin)) has left group e939afa2-a19d-4b85-9c9f-7f44657ccd19 through explicit `LeaveGroup` request (kafka.coordinator.group.GroupCoordinator)
[2021-11-13 16:01:43,606] INFO [GroupCoordinator 0]: Dynamic Member with unknown member id joins group a2167916-2c8f-47fc-b2bf-5e296a0661b1 in Empty state. Created a new member id kafka-python-2.0.2-48c3d986-532e-4146-a14b-f4cb8c1fb290 for this member and add to the group. (kafka.coordinator.group.GroupCoordinator)
[2021-11-13 16:01:43,606] INFO [GroupCoordinator 0]: Preparing to rebalance group a2167916-2c8f-47fc-b2bf-5e296a0661b1 in state PreparingRebalance with old generation 0 (__consumer_offsets-34) (reason: Adding new member kafka-python-2.0.2-48c3d986-532e-4146-a14b-f4cb8c1fb290 with group instance id None) (kafka.coordinator.group.GroupCoordinator)
[2021-11-13 16:01:43,606] INFO [GroupCoordinator 0]: Stabilized group a2167916-2c8f-47fc-b2bf-5e296a0661b1 generation 1 (__consumer_offsets-34) with 1 members (kafka.coordinator.group.GroupCoordinator)
[2021-11-13 16:01:43,607] INFO [GroupCoordinator 0]: Assignment received from leader kafka-python-2.0.2-48c3d986-532e-4146-a14b-f4cb8c1fb290 for group a2167916-2c8f-47fc-b2bf-5e296a0661b1 for generation 1. The group has 1 members, 0 of which are static. (kafka.coordinator.group.GroupCoordinator)
[2021-11-13 16:01:53,608] INFO [GroupCoordinator 0]: Member kafka-python-2.0.2-48c3d986-532e-4146-a14b-f4cb8c1fb290 in group a2167916-2c8f-47fc-b2bf-5e296a0661b1 has failed, removing it from the group (kafka.coordinator.group.GroupCoordinator)
[2021-11-13 16:01:53,608] INFO [GroupCoordinator 0]: Preparing to rebalance group a2167916-2c8f-47fc-b2bf-5e296a0661b1 in state PreparingRebalance with old generation 1 (__consumer_offsets-34) (reason: removing member kafka-python-2.0.2-48c3d986-532e-4146-a14b-f4cb8c1fb290 on heartbeat expiration) (kafka.coordinator.group.GroupCoordinator)
[2021-11-13 16:01:53,608] INFO [GroupCoordinator 0]: Group a2167916-2c8f-47fc-b2bf-5e296a0661b1 with generation 2 is now empty (__consumer_offsets-34) (kafka.coordinator.group.GroupCoordinator)
[2021-11-13 16:03:34,387] INFO [GroupCoordinator 0]: Dynamic Member with unknown member id joins group c51548ec-a6d5-4818-81e9-e5e42ccd6946 in Empty state. Created a new member id kafka-python-2.0.2-acb000ce-2bb3-4940-b350-333e73b687ca for this member and add to the group. (kafka.coordinator.group.GroupCoordinator)
[2021-11-13 16:03:34,387] INFO [GroupCoordinator 0]: Preparing to rebalance group c51548ec-a6d5-4818-81e9-e5e42ccd6946 in state PreparingRebalance with old generation 0 (__consumer_offsets-6) (reason: Adding new member kafka-python-2.0.2-acb000ce-2bb3-4940-b350-333e73b687ca with group instance id None) (kafka.coordinator.group.GroupCoordinator)
[2021-11-13 16:03:34,387] INFO [GroupCoordinator 0]: Stabilized group c51548ec-a6d5-4818-81e9-e5e42ccd6946 generation 1 (__consumer_offsets-6) with 1 members (kafka.coordinator.group.GroupCoordinator)
[2021-11-13 16:03:34,388] INFO [GroupCoordinator 0]: Assignment received from leader kafka-python-2.0.2-acb000ce-2bb3-4940-b350-333e73b687ca for group c51548ec-a6d5-4818-81e9-e5e42ccd6946 for generation 1. The group has 1 members, 0 of which are static. (kafka.coordinator.group.GroupCoordinator)
[2021-11-13 16:03:44,387] INFO [GroupCoordinator 0]: Member kafka-python-2.0.2-acb000ce-2bb3-4940-b350-333e73b687ca in group c51548ec-a6d5-4818-81e9-e5e42ccd6946 has failed, removing it from the group (kafka.coordinator.group.GroupCoordinator)
[2021-11-13 16:03:44,387] INFO [GroupCoordinator 0]: Preparing to rebalance group c51548ec-a6d5-4818-81e9-e5e42ccd6946 in state PreparingRebalance with old generation 1 (__consumer_offsets-6) (reason: removing member kafka-python-2.0.2-acb000ce-2bb3-4940-b350-333e73b687ca on heartbeat expiration) (kafka.coordinator.group.GroupCoordinator)
[2021-11-13 16:03:44,388] INFO [GroupCoordinator 0]: Group c51548ec-a6d5-4818-81e9-e5e42ccd6946 with generation 2 is now empty (__consumer_offsets-6) (kafka.coordinator.group.GroupCoordinator)
[2021-11-13 16:04:24,660] INFO [GroupCoordinator 0]: Dynamic Member with unknown member id joins group ebc507e0-a350-4d44-814b-842dc85e3b21as in Empty state. Created a new member id kafka-python-2.0.2-1b3d6ae7-d7bf-475f-9bfb-cc8ebc523f3d for this member and add to the group. (kafka.coordinator.group.GroupCoordinator)
[2021-11-13 16:04:24,660] INFO [GroupCoordinator 0]: Preparing to rebalance group ebc507e0-a350-4d44-814b-842dc85e3b21as in state PreparingRebalance with old generation 0 (__consumer_offsets-8) (reason: Adding new member kafka-python-2.0.2-1b3d6ae7-d7bf-475f-9bfb-cc8ebc523f3d with group instance id None) (kafka.coordinator.group.GroupCoordinator)
[2021-11-13 16:04:24,661] INFO [GroupCoordinator 0]: Stabilized group ebc507e0-a350-4d44-814b-842dc85e3b21as generation 1 (__consumer_offsets-8) with 1 members (kafka.coordinator.group.GroupCoordinator)
[2021-11-13 16:04:24,662] INFO [GroupCoordinator 0]: Assignment received from leader kafka-python-2.0.2-1b3d6ae7-d7bf-475f-9bfb-cc8ebc523f3d for group ebc507e0-a350-4d44-814b-842dc85e3b21as for generation 1. The group has 1 members, 0 of which are static. (kafka.coordinator.group.GroupCoordinator)
[2021-11-13 16:04:32,613] INFO [GroupCoordinator 0]: Dynamic Member with unknown member id joins group e68d2e3a-6c0a-4a30-914d-f765fae1c9e3as in Empty state. Created a new member id kafka-python-2.0.2-8b93e1d1-275e-4240-99c1-6ed6afe64808 for this member and add to the group. (kafka.coordinator.group.GroupCoordinator)
[2021-11-13 16:04:32,613] INFO [GroupCoordinator 0]: Preparing to rebalance group e68d2e3a-6c0a-4a30-914d-f765fae1c9e3as in state PreparingRebalance with old generation 0 (__consumer_offsets-41) (reason: Adding new member kafka-python-2.0.2-8b93e1d1-275e-4240-99c1-6ed6afe64808 with group instance id None) (kafka.coordinator.group.GroupCoordinator)
[2021-11-13 16:04:32,613] INFO [GroupCoordinator 0]: Stabilized group e68d2e3a-6c0a-4a30-914d-f765fae1c9e3as generation 1 (__consumer_offsets-41) with 1 members (kafka.coordinator.group.GroupCoordinator)
[2021-11-13 16:04:32,614] INFO [GroupCoordinator 0]: Assignment received from leader kafka-python-2.0.2-8b93e1d1-275e-4240-99c1-6ed6afe64808 for group e68d2e3a-6c0a-4a30-914d-f765fae1c9e3as for generation 1. The group has 1 members, 0 of which are static. (kafka.coordinator.group.GroupCoordinator)
[2021-11-13 16:04:32,619] INFO [GroupCoordinator 0]: Preparing to rebalance group e68d2e3a-6c0a-4a30-914d-f765fae1c9e3as in state PreparingRebalance with old generation 1 (__consumer_offsets-41) (reason: Removing member kafka-python-2.0.2-8b93e1d1-275e-4240-99c1-6ed6afe64808 on LeaveGroup) (kafka.coordinator.group.GroupCoordinator)
[2021-11-13 16:04:32,619] INFO [GroupCoordinator 0]: Group e68d2e3a-6c0a-4a30-914d-f765fae1c9e3as with generation 2 is now empty (__consumer_offsets-41) (kafka.coordinator.group.GroupCoordinator)
[2021-11-13 16:04:32,619] INFO [GroupCoordinator 0]: Member MemberMetadata(memberId=kafka-python-2.0.2-8b93e1d1-275e-4240-99c1-6ed6afe64808, groupInstanceId=None, clientId=kafka-python-2.0.2, clientHost=/127.0.0.1, sessionTimeoutMs=10000, rebalanceTimeoutMs=300000, supportedProtocols=List(range, roundrobin)) has left group e68d2e3a-6c0a-4a30-914d-f765fae1c9e3as through explicit `LeaveGroup` request (kafka.coordinator.group.GroupCoordinator)
[2021-11-13 16:04:34,663] INFO [GroupCoordinator 0]: Member kafka-python-2.0.2-1b3d6ae7-d7bf-475f-9bfb-cc8ebc523f3d in group ebc507e0-a350-4d44-814b-842dc85e3b21as has failed, removing it from the group (kafka.coordinator.group.GroupCoordinator)
[2021-11-13 16:04:34,663] INFO [GroupCoordinator 0]: Preparing to rebalance group ebc507e0-a350-4d44-814b-842dc85e3b21as in state PreparingRebalance with old generation 1 (__consumer_offsets-8) (reason: removing member kafka-python-2.0.2-1b3d6ae7-d7bf-475f-9bfb-cc8ebc523f3d on heartbeat expiration) (kafka.coordinator.group.GroupCoordinator)
[2021-11-13 16:04:34,663] INFO [GroupCoordinator 0]: Group ebc507e0-a350-4d44-814b-842dc85e3b21as with generation 2 is now empty (__consumer_offsets-8) (kafka.coordinator.group.GroupCoordinator)
[2021-11-13 16:05:18,675] INFO [GroupCoordinator 0]: Dynamic Member with unknown member id joins group 958201bb-4a1f-48b2-a79b-162806599c26as in Empty state. Created a new member id kafka-python-2.0.2-da292163-0d46-450c-8dfb-828c51beffc0 for this member and add to the group. (kafka.coordinator.group.GroupCoordinator)
[2021-11-13 16:05:18,675] INFO [GroupCoordinator 0]: Preparing to rebalance group 958201bb-4a1f-48b2-a79b-162806599c26as in state PreparingRebalance with old generation 0 (__consumer_offsets-31) (reason: Adding new member kafka-python-2.0.2-da292163-0d46-450c-8dfb-828c51beffc0 with group instance id None) (kafka.coordinator.group.GroupCoordinator)
[2021-11-13 16:05:18,675] INFO [GroupCoordinator 0]: Stabilized group 958201bb-4a1f-48b2-a79b-162806599c26as generation 1 (__consumer_offsets-31) with 1 members (kafka.coordinator.group.GroupCoordinator)
[2021-11-13 16:05:18,676] INFO [GroupCoordinator 0]: Assignment received from leader kafka-python-2.0.2-da292163-0d46-450c-8dfb-828c51beffc0 for group 958201bb-4a1f-48b2-a79b-162806599c26as for generation 1. The group has 1 members, 0 of which are static. (kafka.coordinator.group.GroupCoordinator)
[2021-11-13 16:05:18,681] INFO [GroupCoordinator 0]: Preparing to rebalance group 958201bb-4a1f-48b2-a79b-162806599c26as in state PreparingRebalance with old generation 1 (__consumer_offsets-31) (reason: Removing member kafka-python-2.0.2-da292163-0d46-450c-8dfb-828c51beffc0 on LeaveGroup) (kafka.coordinator.group.GroupCoordinator)
[2021-11-13 16:05:18,681] INFO [GroupCoordinator 0]: Group 958201bb-4a1f-48b2-a79b-162806599c26as with generation 2 is now empty (__consumer_offsets-31) (kafka.coordinator.group.GroupCoordinator)
[2021-11-13 16:05:18,682] INFO [GroupCoordinator 0]: Member MemberMetadata(memberId=kafka-python-2.0.2-da292163-0d46-450c-8dfb-828c51beffc0, groupInstanceId=None, clientId=kafka-python-2.0.2, clientHost=/127.0.0.1, sessionTimeoutMs=10000, rebalanceTimeoutMs=300000, supportedProtocols=List(range, roundrobin)) has left group 958201bb-4a1f-48b2-a79b-162806599c26as through explicit `LeaveGroup` request (kafka.coordinator.group.GroupCoordinator)
[2021-11-13 16:05:26,027] INFO [GroupCoordinator 0]: Dynamic Member with unknown member id joins group a42482ca-5ed6-45bf-ae19-18f1aa6f96c8as in Empty state. Created a new member id kafka-python-2.0.2-911c1d52-1eb0-409f-b3d0-4ec53c0d54f2 for this member and add to the group. (kafka.coordinator.group.GroupCoordinator)
[2021-11-13 16:05:26,027] INFO [GroupCoordinator 0]: Preparing to rebalance group a42482ca-5ed6-45bf-ae19-18f1aa6f96c8as in state PreparingRebalance with old generation 0 (__consumer_offsets-44) (reason: Adding new member kafka-python-2.0.2-911c1d52-1eb0-409f-b3d0-4ec53c0d54f2 with group instance id None) (kafka.coordinator.group.GroupCoordinator)
[2021-11-13 16:05:26,027] INFO [GroupCoordinator 0]: Stabilized group a42482ca-5ed6-45bf-ae19-18f1aa6f96c8as generation 1 (__consumer_offsets-44) with 1 members (kafka.coordinator.group.GroupCoordinator)
[2021-11-13 16:05:26,028] INFO [GroupCoordinator 0]: Assignment received from leader kafka-python-2.0.2-911c1d52-1eb0-409f-b3d0-4ec53c0d54f2 for group a42482ca-5ed6-45bf-ae19-18f1aa6f96c8as for generation 1. The group has 1 members, 0 of which are static. (kafka.coordinator.group.GroupCoordinator)
[2021-11-13 16:05:27,298] INFO [GroupCoordinator 0]: Dynamic Member with unknown member id joins group 4d52d774-358d-4269-a88d-bf23fefc69afas in Empty state. Created a new member id kafka-python-2.0.2-e6762fe2-dbf0-4c98-a026-2c580f5cbd43 for this member and add to the group. (kafka.coordinator.group.GroupCoordinator)
[2021-11-13 16:05:27,298] INFO [GroupCoordinator 0]: Preparing to rebalance group 4d52d774-358d-4269-a88d-bf23fefc69afas in state PreparingRebalance with old generation 0 (__consumer_offsets-22) (reason: Adding new member kafka-python-2.0.2-e6762fe2-dbf0-4c98-a026-2c580f5cbd43 with group instance id None) (kafka.coordinator.group.GroupCoordinator)
[2021-11-13 16:05:27,299] INFO [GroupCoordinator 0]: Stabilized group 4d52d774-358d-4269-a88d-bf23fefc69afas generation 1 (__consumer_offsets-22) with 1 members (kafka.coordinator.group.GroupCoordinator)
[2021-11-13 16:05:27,300] INFO [GroupCoordinator 0]: Assignment received from leader kafka-python-2.0.2-e6762fe2-dbf0-4c98-a026-2c580f5cbd43 for group 4d52d774-358d-4269-a88d-bf23fefc69afas for generation 1. The group has 1 members, 0 of which are static. (kafka.coordinator.group.GroupCoordinator)
[2021-11-13 16:05:31,259] INFO [GroupCoordinator 0]: Dynamic Member with unknown member id joins group 4c188297-b32e-454a-b90f-9809ff7eefe8as in Empty state. Created a new member id kafka-python-2.0.2-697a69b5-5050-420b-a6f1-760ec95d68bb for this member and add to the group. (kafka.coordinator.group.GroupCoordinator)
[2021-11-13 16:05:31,259] INFO [GroupCoordinator 0]: Preparing to rebalance group 4c188297-b32e-454a-b90f-9809ff7eefe8as in state PreparingRebalance with old generation 0 (__consumer_offsets-25) (reason: Adding new member kafka-python-2.0.2-697a69b5-5050-420b-a6f1-760ec95d68bb with group instance id None) (kafka.coordinator.group.GroupCoordinator)
[2021-11-13 16:05:31,260] INFO [GroupCoordinator 0]: Stabilized group 4c188297-b32e-454a-b90f-9809ff7eefe8as generation 1 (__consumer_offsets-25) with 1 members (kafka.coordinator.group.GroupCoordinator)
[2021-11-13 16:05:31,261] INFO [GroupCoordinator 0]: Assignment received from leader kafka-python-2.0.2-697a69b5-5050-420b-a6f1-760ec95d68bb for group 4c188297-b32e-454a-b90f-9809ff7eefe8as for generation 1. The group has 1 members, 0 of which are static. (kafka.coordinator.group.GroupCoordinator)
[2021-11-13 16:05:36,029] INFO [GroupCoordinator 0]: Member kafka-python-2.0.2-911c1d52-1eb0-409f-b3d0-4ec53c0d54f2 in group a42482ca-5ed6-45bf-ae19-18f1aa6f96c8as has failed, removing it from the group (kafka.coordinator.group.GroupCoordinator)
[2021-11-13 16:05:36,029] INFO [GroupCoordinator 0]: Preparing to rebalance group a42482ca-5ed6-45bf-ae19-18f1aa6f96c8as in state PreparingRebalance with old generation 1 (__consumer_offsets-44) (reason: removing member kafka-python-2.0.2-911c1d52-1eb0-409f-b3d0-4ec53c0d54f2 on heartbeat expiration) (kafka.coordinator.group.GroupCoordinator)
[2021-11-13 16:05:36,029] INFO [GroupCoordinator 0]: Group a42482ca-5ed6-45bf-ae19-18f1aa6f96c8as with generation 2 is now empty (__consumer_offsets-44) (kafka.coordinator.group.GroupCoordinator)
[2021-11-13 16:05:37,300] INFO [GroupCoordinator 0]: Member kafka-python-2.0.2-e6762fe2-dbf0-4c98-a026-2c580f5cbd43 in group 4d52d774-358d-4269-a88d-bf23fefc69afas has failed, removing it from the group (kafka.coordinator.group.GroupCoordinator)
[2021-11-13 16:05:37,300] INFO [GroupCoordinator 0]: Preparing to rebalance group 4d52d774-358d-4269-a88d-bf23fefc69afas in state PreparingRebalance with old generation 1 (__consumer_offsets-22) (reason: removing member kafka-python-2.0.2-e6762fe2-dbf0-4c98-a026-2c580f5cbd43 on heartbeat expiration) (kafka.coordinator.group.GroupCoordinator)
[2021-11-13 16:05:37,300] INFO [GroupCoordinator 0]: Group 4d52d774-358d-4269-a88d-bf23fefc69afas with generation 2 is now empty (__consumer_offsets-22) (kafka.coordinator.group.GroupCoordinator)
[2021-11-13 16:05:41,262] INFO [GroupCoordinator 0]: Member kafka-python-2.0.2-697a69b5-5050-420b-a6f1-760ec95d68bb in group 4c188297-b32e-454a-b90f-9809ff7eefe8as has failed, removing it from the group (kafka.coordinator.group.GroupCoordinator)
[2021-11-13 16:05:41,262] INFO [GroupCoordinator 0]: Preparing to rebalance group 4c188297-b32e-454a-b90f-9809ff7eefe8as in state PreparingRebalance with old generation 1 (__consumer_offsets-25) (reason: removing member kafka-python-2.0.2-697a69b5-5050-420b-a6f1-760ec95d68bb on heartbeat expiration) (kafka.coordinator.group.GroupCoordinator)
[2021-11-13 16:05:41,262] INFO [GroupCoordinator 0]: Group 4c188297-b32e-454a-b90f-9809ff7eefe8as with generation 2 is now empty (__consumer_offsets-25) (kafka.coordinator.group.GroupCoordinator)
[2021-11-13 16:07:04,784] INFO [GroupMetadataManager brokerId=0] Group ebc507e0-a350-4d44-814b-842dc85e3b21as transitioned to Dead in generation 2 (kafka.coordinator.group.GroupMetadataManager)
[2021-11-13 16:07:04,784] INFO [GroupMetadataManager brokerId=0] Group 4c188297-b32e-454a-b90f-9809ff7eefe8as transitioned to Dead in generation 2 (kafka.coordinator.group.GroupMetadataManager)
[2021-11-13 16:07:04,784] INFO [GroupMetadataManager brokerId=0] Group c51548ec-a6d5-4818-81e9-e5e42ccd6946 transitioned to Dead in generation 2 (kafka.coordinator.group.GroupMetadataManager)
[2021-11-13 16:07:04,784] INFO [GroupMetadataManager brokerId=0] Group 4d52d774-358d-4269-a88d-bf23fefc69afas transitioned to Dead in generation 2 (kafka.coordinator.group.GroupMetadataManager)
[2021-11-13 16:07:04,785] INFO [GroupMetadataManager brokerId=0] Group a42482ca-5ed6-45bf-ae19-18f1aa6f96c8as transitioned to Dead in generation 2 (kafka.coordinator.group.GroupMetadataManager)
[2021-11-13 16:07:04,785] INFO [GroupMetadataManager brokerId=0] Group a2167916-2c8f-47fc-b2bf-5e296a0661b1 transitioned to Dead in generation 2 (kafka.coordinator.group.GroupMetadataManager)
[2021-11-13 16:07:12,589] INFO [GroupCoordinator 0]: Dynamic Member with unknown member id joins group 0e475b63-4acf-447f-9600-9e3e702c3150as in Empty state. Created a new member id kafka-python-2.0.2-94e67b2c-ddc9-4a55-ad85-a6b7dfa7368d for this member and add to the group. (kafka.coordinator.group.GroupCoordinator)
[2021-11-13 16:07:12,589] INFO [GroupCoordinator 0]: Preparing to rebalance group 0e475b63-4acf-447f-9600-9e3e702c3150as in state PreparingRebalance with old generation 0 (__consumer_offsets-5) (reason: Adding new member kafka-python-2.0.2-94e67b2c-ddc9-4a55-ad85-a6b7dfa7368d with group instance id None) (kafka.coordinator.group.GroupCoordinator)
[2021-11-13 16:07:12,590] INFO [GroupCoordinator 0]: Stabilized group 0e475b63-4acf-447f-9600-9e3e702c3150as generation 1 (__consumer_offsets-5) with 1 members (kafka.coordinator.group.GroupCoordinator)
[2021-11-13 16:07:12,591] INFO [GroupCoordinator 0]: Assignment received from leader kafka-python-2.0.2-94e67b2c-ddc9-4a55-ad85-a6b7dfa7368d for group 0e475b63-4acf-447f-9600-9e3e702c3150as for generation 1. The group has 1 members, 0 of which are static. (kafka.coordinator.group.GroupCoordinator)
[2021-11-13 16:07:13,851] INFO [GroupCoordinator 0]: Dynamic Member with unknown member id joins group c71e7c6e-90df-48aa-b38e-d5d9d5042d91as in Empty state. Created a new member id kafka-python-2.0.2-d1a625b4-3d00-41d2-b412-6cb6edf093b9 for this member and add to the group. (kafka.coordinator.group.GroupCoordinator)
[2021-11-13 16:07:13,851] INFO [GroupCoordinator 0]: Preparing to rebalance group c71e7c6e-90df-48aa-b38e-d5d9d5042d91as in state PreparingRebalance with old generation 0 (__consumer_offsets-1) (reason: Adding new member kafka-python-2.0.2-d1a625b4-3d00-41d2-b412-6cb6edf093b9 with group instance id None) (kafka.coordinator.group.GroupCoordinator)
[2021-11-13 16:07:13,852] INFO [GroupCoordinator 0]: Stabilized group c71e7c6e-90df-48aa-b38e-d5d9d5042d91as generation 1 (__consumer_offsets-1) with 1 members (kafka.coordinator.group.GroupCoordinator)
[2021-11-13 16:07:13,853] INFO [GroupCoordinator 0]: Assignment received from leader kafka-python-2.0.2-d1a625b4-3d00-41d2-b412-6cb6edf093b9 for group c71e7c6e-90df-48aa-b38e-d5d9d5042d91as for generation 1. The group has 1 members, 0 of which are static. (kafka.coordinator.group.GroupCoordinator)
[2021-11-13 16:07:23,302] INFO [GroupCoordinator 0]: Dynamic Member with unknown member id joins group d43a1858-367d-47f4-8d73-14dbe19bd866 in Empty state. Created a new member id kafka-python-2.0.2-5ec8cfe1-197a-4ae4-a44f-30e2ee14a484 for this member and add to the group. (kafka.coordinator.group.GroupCoordinator)
[2021-11-13 16:07:23,302] INFO [GroupCoordinator 0]: Preparing to rebalance group d43a1858-367d-47f4-8d73-14dbe19bd866 in state PreparingRebalance with old generation 0 (__consumer_offsets-1) (reason: Adding new member kafka-python-2.0.2-5ec8cfe1-197a-4ae4-a44f-30e2ee14a484 with group instance id None) (kafka.coordinator.group.GroupCoordinator)
[2021-11-13 16:07:23,303] INFO [GroupCoordinator 0]: Stabilized group d43a1858-367d-47f4-8d73-14dbe19bd866 generation 1 (__consumer_offsets-1) with 1 members (kafka.coordinator.group.GroupCoordinator)
[2021-11-13 16:07:23,304] INFO [GroupCoordinator 0]: Assignment received from leader kafka-python-2.0.2-5ec8cfe1-197a-4ae4-a44f-30e2ee14a484 for group d43a1858-367d-47f4-8d73-14dbe19bd866 for generation 1. The group has 1 members, 0 of which are static. (kafka.coordinator.group.GroupCoordinator)
[2021-11-13 16:07:32,871] INFO [GroupCoordinator 0]: Member kafka-python-2.0.2-d1a625b4-3d00-41d2-b412-6cb6edf093b9 in group c71e7c6e-90df-48aa-b38e-d5d9d5042d91as has failed, removing it from the group (kafka.coordinator.group.GroupCoordinator)
[2021-11-13 16:07:32,871] INFO [GroupCoordinator 0]: Preparing to rebalance group c71e7c6e-90df-48aa-b38e-d5d9d5042d91as in state PreparingRebalance with old generation 1 (__consumer_offsets-1) (reason: removing member kafka-python-2.0.2-d1a625b4-3d00-41d2-b412-6cb6edf093b9 on heartbeat expiration) (kafka.coordinator.group.GroupCoordinator)
[2021-11-13 16:07:32,871] INFO [GroupCoordinator 0]: Group c71e7c6e-90df-48aa-b38e-d5d9d5042d91as with generation 2 is now empty (__consumer_offsets-1) (kafka.coordinator.group.GroupCoordinator)
[2021-11-13 16:07:37,624] INFO [GroupCoordinator 0]: Member kafka-python-2.0.2-94e67b2c-ddc9-4a55-ad85-a6b7dfa7368d in group 0e475b63-4acf-447f-9600-9e3e702c3150as has failed, removing it from the group (kafka.coordinator.group.GroupCoordinator)
[2021-11-13 16:07:37,624] INFO [GroupCoordinator 0]: Preparing to rebalance group 0e475b63-4acf-447f-9600-9e3e702c3150as in state PreparingRebalance with old generation 1 (__consumer_offsets-5) (reason: removing member kafka-python-2.0.2-94e67b2c-ddc9-4a55-ad85-a6b7dfa7368d on heartbeat expiration) (kafka.coordinator.group.GroupCoordinator)
[2021-11-13 16:07:37,624] INFO [GroupCoordinator 0]: Group 0e475b63-4acf-447f-9600-9e3e702c3150as with generation 2 is now empty (__consumer_offsets-5) (kafka.coordinator.group.GroupCoordinator)
[2021-11-13 16:07:39,313] INFO [GroupCoordinator 0]: Member kafka-python-2.0.2-5ec8cfe1-197a-4ae4-a44f-30e2ee14a484 in group d43a1858-367d-47f4-8d73-14dbe19bd866 has failed, removing it from the group (kafka.coordinator.group.GroupCoordinator)
[2021-11-13 16:07:39,313] INFO [GroupCoordinator 0]: Preparing to rebalance group d43a1858-367d-47f4-8d73-14dbe19bd866 in state PreparingRebalance with old generation 1 (__consumer_offsets-1) (reason: removing member kafka-python-2.0.2-5ec8cfe1-197a-4ae4-a44f-30e2ee14a484 on heartbeat expiration) (kafka.coordinator.group.GroupCoordinator)
[2021-11-13 16:07:39,313] INFO [GroupCoordinator 0]: Group d43a1858-367d-47f4-8d73-14dbe19bd866 with generation 2 is now empty (__consumer_offsets-1) (kafka.coordinator.group.GroupCoordinator)
[2021-11-13 16:07:41,720] INFO [GroupCoordinator 0]: Dynamic Member with unknown member id joins group a8009f96-72d0-4b73-b53c-5ce38829d854 in Empty state. Created a new member id kafka-python-2.0.2-83f71e0a-9539-4b0a-b4d6-624fbf677f27 for this member and add to the group. (kafka.coordinator.group.GroupCoordinator)
[2021-11-13 16:07:41,720] INFO [GroupCoordinator 0]: Preparing to rebalance group a8009f96-72d0-4b73-b53c-5ce38829d854 in state PreparingRebalance with old generation 0 (__consumer_offsets-15) (reason: Adding new member kafka-python-2.0.2-83f71e0a-9539-4b0a-b4d6-624fbf677f27 with group instance id None) (kafka.coordinator.group.GroupCoordinator)
[2021-11-13 16:07:41,721] INFO [GroupCoordinator 0]: Stabilized group a8009f96-72d0-4b73-b53c-5ce38829d854 generation 1 (__consumer_offsets-15) with 1 members (kafka.coordinator.group.GroupCoordinator)
[2021-11-13 16:07:41,722] INFO [GroupCoordinator 0]: Assignment received from leader kafka-python-2.0.2-83f71e0a-9539-4b0a-b4d6-624fbf677f27 for group a8009f96-72d0-4b73-b53c-5ce38829d854 for generation 1. The group has 1 members, 0 of which are static. (kafka.coordinator.group.GroupCoordinator)
[2021-11-13 16:07:48,286] INFO [GroupCoordinator 0]: Dynamic Member with unknown member id joins group 535d28fc-db71-4ddf-822e-0ec4462dcb9b in Empty state. Created a new member id kafka-python-2.0.2-e22f3073-8ba3-41df-8030-f7ea09fe7e0c for this member and add to the group. (kafka.coordinator.group.GroupCoordinator)
[2021-11-13 16:07:48,287] INFO [GroupCoordinator 0]: Preparing to rebalance group 535d28fc-db71-4ddf-822e-0ec4462dcb9b in state PreparingRebalance with old generation 0 (__consumer_offsets-33) (reason: Adding new member kafka-python-2.0.2-e22f3073-8ba3-41df-8030-f7ea09fe7e0c with group instance id None) (kafka.coordinator.group.GroupCoordinator)
[2021-11-13 16:07:48,287] INFO [GroupCoordinator 0]: Stabilized group 535d28fc-db71-4ddf-822e-0ec4462dcb9b generation 1 (__consumer_offsets-33) with 1 members (kafka.coordinator.group.GroupCoordinator)
[2021-11-13 16:07:48,288] INFO [GroupCoordinator 0]: Assignment received from leader kafka-python-2.0.2-e22f3073-8ba3-41df-8030-f7ea09fe7e0c for group 535d28fc-db71-4ddf-822e-0ec4462dcb9b for generation 1. The group has 1 members, 0 of which are static. (kafka.coordinator.group.GroupCoordinator)
[2021-11-13 16:07:48,313] INFO [GroupCoordinator 0]: Preparing to rebalance group 535d28fc-db71-4ddf-822e-0ec4462dcb9b in state PreparingRebalance with old generation 1 (__consumer_offsets-33) (reason: Removing member kafka-python-2.0.2-e22f3073-8ba3-41df-8030-f7ea09fe7e0c on LeaveGroup) (kafka.coordinator.group.GroupCoordinator)
[2021-11-13 16:07:48,314] INFO [GroupCoordinator 0]: Group 535d28fc-db71-4ddf-822e-0ec4462dcb9b with generation 2 is now empty (__consumer_offsets-33) (kafka.coordinator.group.GroupCoordinator)
[2021-11-13 16:07:48,314] INFO [GroupCoordinator 0]: Member MemberMetadata(memberId=kafka-python-2.0.2-e22f3073-8ba3-41df-8030-f7ea09fe7e0c, groupInstanceId=None, clientId=kafka-python-2.0.2, clientHost=/127.0.0.1, sessionTimeoutMs=10000, rebalanceTimeoutMs=300000, supportedProtocols=List(range, roundrobin)) has left group 535d28fc-db71-4ddf-822e-0ec4462dcb9b through explicit `LeaveGroup` request (kafka.coordinator.group.GroupCoordinator)
[2021-11-13 16:07:51,722] INFO [GroupCoordinator 0]: Member kafka-python-2.0.2-83f71e0a-9539-4b0a-b4d6-624fbf677f27 in group a8009f96-72d0-4b73-b53c-5ce38829d854 has failed, removing it from the group (kafka.coordinator.group.GroupCoordinator)
[2021-11-13 16:07:51,722] INFO [GroupCoordinator 0]: Preparing to rebalance group a8009f96-72d0-4b73-b53c-5ce38829d854 in state PreparingRebalance with old generation 1 (__consumer_offsets-15) (reason: removing member kafka-python-2.0.2-83f71e0a-9539-4b0a-b4d6-624fbf677f27 on heartbeat expiration) (kafka.coordinator.group.GroupCoordinator)
[2021-11-13 16:07:51,722] INFO [GroupCoordinator 0]: Group a8009f96-72d0-4b73-b53c-5ce38829d854 with generation 2 is now empty (__consumer_offsets-15) (kafka.coordinator.group.GroupCoordinator)
[2021-11-13 16:07:58,713] INFO [GroupCoordinator 0]: Dynamic member with unknown member id joins group console-consumer-1885 in Empty state. Created a new member id consumer-console-consumer-1885-1-62bf1dd2-12ba-4dea-8feb-6d544faa57ed and request the member to rejoin with this id. (kafka.coordinator.group.GroupCoordinator)
[2021-11-13 16:07:58,714] INFO [GroupCoordinator 0]: Preparing to rebalance group console-consumer-1885 in state PreparingRebalance with old generation 0 (__consumer_offsets-31) (reason: Adding new member consumer-console-consumer-1885-1-62bf1dd2-12ba-4dea-8feb-6d544faa57ed with group instance id None) (kafka.coordinator.group.GroupCoordinator)
[2021-11-13 16:07:58,715] INFO [GroupCoordinator 0]: Stabilized group console-consumer-1885 generation 1 (__consumer_offsets-31) with 1 members (kafka.coordinator.group.GroupCoordinator)
[2021-11-13 16:07:58,719] INFO [GroupCoordinator 0]: Assignment received from leader consumer-console-consumer-1885-1-62bf1dd2-12ba-4dea-8feb-6d544faa57ed for group console-consumer-1885 for generation 1. The group has 1 members, 0 of which are static. (kafka.coordinator.group.GroupCoordinator)
[2021-11-13 16:14:04,933] INFO [GroupCoordinator 0]: Dynamic Member with unknown member id joins group 71668aab-bbd0-47ae-becc-cbe1f5987065 in Empty state. Created a new member id kafka-python-2.0.2-cea45e51-7fcd-4a1d-98ab-47c94e378426 for this member and add to the group. (kafka.coordinator.group.GroupCoordinator)
[2021-11-13 16:14:04,933] INFO [GroupCoordinator 0]: Preparing to rebalance group 71668aab-bbd0-47ae-becc-cbe1f5987065 in state PreparingRebalance with old generation 0 (__consumer_offsets-23) (reason: Adding new member kafka-python-2.0.2-cea45e51-7fcd-4a1d-98ab-47c94e378426 with group instance id None) (kafka.coordinator.group.GroupCoordinator)
[2021-11-13 16:14:04,934] INFO [GroupCoordinator 0]: Stabilized group 71668aab-bbd0-47ae-becc-cbe1f5987065 generation 1 (__consumer_offsets-23) with 1 members (kafka.coordinator.group.GroupCoordinator)
[2021-11-13 16:14:04,934] INFO [GroupCoordinator 0]: Assignment received from leader kafka-python-2.0.2-cea45e51-7fcd-4a1d-98ab-47c94e378426 for group 71668aab-bbd0-47ae-becc-cbe1f5987065 for generation 1. The group has 1 members, 0 of which are static. (kafka.coordinator.group.GroupCoordinator)
[2021-11-13 16:14:05,955] INFO [GroupCoordinator 0]: Preparing to rebalance group 71668aab-bbd0-47ae-becc-cbe1f5987065 in state PreparingRebalance with old generation 1 (__consumer_offsets-23) (reason: Removing member kafka-python-2.0.2-cea45e51-7fcd-4a1d-98ab-47c94e378426 on LeaveGroup) (kafka.coordinator.group.GroupCoordinator)
[2021-11-13 16:14:05,955] INFO [GroupCoordinator 0]: Group 71668aab-bbd0-47ae-becc-cbe1f5987065 with generation 2 is now empty (__consumer_offsets-23) (kafka.coordinator.group.GroupCoordinator)
[2021-11-13 16:14:05,955] INFO [GroupCoordinator 0]: Member MemberMetadata(memberId=kafka-python-2.0.2-cea45e51-7fcd-4a1d-98ab-47c94e378426, groupInstanceId=None, clientId=kafka-python-2.0.2, clientHost=/127.0.0.1, sessionTimeoutMs=10000, rebalanceTimeoutMs=300000, supportedProtocols=List(range, roundrobin)) has left group 71668aab-bbd0-47ae-becc-cbe1f5987065 through explicit `LeaveGroup` request (kafka.coordinator.group.GroupCoordinator)
[2021-11-13 16:14:40,698] INFO [GroupCoordinator 0]: Dynamic Member with unknown member id joins group 2a34892a-4b5e-47fb-8a07-0589e3c0dd60 in Empty state. Created a new member id kafka-python-2.0.2-075159a6-bab8-44c7-80c0-1ec4fded6f7c for this member and add to the group. (kafka.coordinator.group.GroupCoordinator)
[2021-11-13 16:14:40,698] INFO [GroupCoordinator 0]: Preparing to rebalance group 2a34892a-4b5e-47fb-8a07-0589e3c0dd60 in state PreparingRebalance with old generation 0 (__consumer_offsets-18) (reason: Adding new member kafka-python-2.0.2-075159a6-bab8-44c7-80c0-1ec4fded6f7c with group instance id None) (kafka.coordinator.group.GroupCoordinator)
[2021-11-13 16:14:40,698] INFO [GroupCoordinator 0]: Stabilized group 2a34892a-4b5e-47fb-8a07-0589e3c0dd60 generation 1 (__consumer_offsets-18) with 1 members (kafka.coordinator.group.GroupCoordinator)
[2021-11-13 16:14:40,699] INFO [GroupCoordinator 0]: Assignment received from leader kafka-python-2.0.2-075159a6-bab8-44c7-80c0-1ec4fded6f7c for group 2a34892a-4b5e-47fb-8a07-0589e3c0dd60 for generation 1. The group has 1 members, 0 of which are static. (kafka.coordinator.group.GroupCoordinator)
[2021-11-13 16:14:41,818] INFO [GroupCoordinator 0]: Preparing to rebalance group 2a34892a-4b5e-47fb-8a07-0589e3c0dd60 in state PreparingRebalance with old generation 1 (__consumer_offsets-18) (reason: Removing member kafka-python-2.0.2-075159a6-bab8-44c7-80c0-1ec4fded6f7c on LeaveGroup) (kafka.coordinator.group.GroupCoordinator)
[2021-11-13 16:14:41,818] INFO [GroupCoordinator 0]: Group 2a34892a-4b5e-47fb-8a07-0589e3c0dd60 with generation 2 is now empty (__consumer_offsets-18) (kafka.coordinator.group.GroupCoordinator)
[2021-11-13 16:14:41,819] INFO [GroupCoordinator 0]: Member MemberMetadata(memberId=kafka-python-2.0.2-075159a6-bab8-44c7-80c0-1ec4fded6f7c, groupInstanceId=None, clientId=kafka-python-2.0.2, clientHost=/127.0.0.1, sessionTimeoutMs=10000, rebalanceTimeoutMs=300000, supportedProtocols=List(range, roundrobin)) has left group 2a34892a-4b5e-47fb-8a07-0589e3c0dd60 through explicit `LeaveGroup` request (kafka.coordinator.group.GroupCoordinator)
[2021-11-13 16:15:16,502] INFO [GroupCoordinator 0]: Dynamic Member with unknown member id joins group 6b3cd6db-96d1-4df4-a7c7-e15cf91df2b9 in Empty state. Created a new member id kafka-python-2.0.2-35f09133-2eb9-4fee-8202-79c9246a0017 for this member and add to the group. (kafka.coordinator.group.GroupCoordinator)
[2021-11-13 16:15:16,502] INFO [GroupCoordinator 0]: Preparing to rebalance group 6b3cd6db-96d1-4df4-a7c7-e15cf91df2b9 in state PreparingRebalance with old generation 0 (__consumer_offsets-5) (reason: Adding new member kafka-python-2.0.2-35f09133-2eb9-4fee-8202-79c9246a0017 with group instance id None) (kafka.coordinator.group.GroupCoordinator)
[2021-11-13 16:15:16,502] INFO [GroupCoordinator 0]: Stabilized group 6b3cd6db-96d1-4df4-a7c7-e15cf91df2b9 generation 1 (__consumer_offsets-5) with 1 members (kafka.coordinator.group.GroupCoordinator)
[2021-11-13 16:15:16,503] INFO [GroupCoordinator 0]: Assignment received from leader kafka-python-2.0.2-35f09133-2eb9-4fee-8202-79c9246a0017 for group 6b3cd6db-96d1-4df4-a7c7-e15cf91df2b9 for generation 1. The group has 1 members, 0 of which are static. (kafka.coordinator.group.GroupCoordinator)
[2021-11-13 16:15:17,624] INFO [GroupCoordinator 0]: Preparing to rebalance group 6b3cd6db-96d1-4df4-a7c7-e15cf91df2b9 in state PreparingRebalance with old generation 1 (__consumer_offsets-5) (reason: Removing member kafka-python-2.0.2-35f09133-2eb9-4fee-8202-79c9246a0017 on LeaveGroup) (kafka.coordinator.group.GroupCoordinator)
[2021-11-13 16:15:17,624] INFO [GroupCoordinator 0]: Group 6b3cd6db-96d1-4df4-a7c7-e15cf91df2b9 with generation 2 is now empty (__consumer_offsets-5) (kafka.coordinator.group.GroupCoordinator)
[2021-11-13 16:15:17,625] INFO [GroupCoordinator 0]: Member MemberMetadata(memberId=kafka-python-2.0.2-35f09133-2eb9-4fee-8202-79c9246a0017, groupInstanceId=None, clientId=kafka-python-2.0.2, clientHost=/127.0.0.1, sessionTimeoutMs=10000, rebalanceTimeoutMs=300000, supportedProtocols=List(range, roundrobin)) has left group 6b3cd6db-96d1-4df4-a7c7-e15cf91df2b9 through explicit `LeaveGroup` request (kafka.coordinator.group.GroupCoordinator)
[2021-11-13 16:15:32,627] INFO [GroupCoordinator 0]: Dynamic Member with unknown member id joins group 989cf857-d570-4f30-9c91-a8c2edde18b6 in Empty state. Created a new member id kafka-python-2.0.2-ed50cd8b-fcef-4b00-addf-106c690f7268 for this member and add to the group. (kafka.coordinator.group.GroupCoordinator)
[2021-11-13 16:15:32,627] INFO [GroupCoordinator 0]: Preparing to rebalance group 989cf857-d570-4f30-9c91-a8c2edde18b6 in state PreparingRebalance with old generation 0 (__consumer_offsets-7) (reason: Adding new member kafka-python-2.0.2-ed50cd8b-fcef-4b00-addf-106c690f7268 with group instance id None) (kafka.coordinator.group.GroupCoordinator)
[2021-11-13 16:15:32,627] INFO [GroupCoordinator 0]: Stabilized group 989cf857-d570-4f30-9c91-a8c2edde18b6 generation 1 (__consumer_offsets-7) with 1 members (kafka.coordinator.group.GroupCoordinator)
[2021-11-13 16:15:32,628] INFO [GroupCoordinator 0]: Assignment received from leader kafka-python-2.0.2-ed50cd8b-fcef-4b00-addf-106c690f7268 for group 989cf857-d570-4f30-9c91-a8c2edde18b6 for generation 1. The group has 1 members, 0 of which are static. (kafka.coordinator.group.GroupCoordinator)
[2021-11-13 16:15:33,657] INFO [GroupCoordinator 0]: Preparing to rebalance group 989cf857-d570-4f30-9c91-a8c2edde18b6 in state PreparingRebalance with old generation 1 (__consumer_offsets-7) (reason: Removing member kafka-python-2.0.2-ed50cd8b-fcef-4b00-addf-106c690f7268 on LeaveGroup) (kafka.coordinator.group.GroupCoordinator)
[2021-11-13 16:15:33,657] INFO [GroupCoordinator 0]: Group 989cf857-d570-4f30-9c91-a8c2edde18b6 with generation 2 is now empty (__consumer_offsets-7) (kafka.coordinator.group.GroupCoordinator)
[2021-11-13 16:15:33,657] INFO [GroupCoordinator 0]: Member MemberMetadata(memberId=kafka-python-2.0.2-ed50cd8b-fcef-4b00-addf-106c690f7268, groupInstanceId=None, clientId=kafka-python-2.0.2, clientHost=/127.0.0.1, sessionTimeoutMs=10000, rebalanceTimeoutMs=300000, supportedProtocols=List(range, roundrobin)) has left group 989cf857-d570-4f30-9c91-a8c2edde18b6 through explicit `LeaveGroup` request (kafka.coordinator.group.GroupCoordinator)
[2021-11-13 16:15:58,752] INFO [GroupCoordinator 0]: Dynamic Member with unknown member id joins group 57de0b18-6446-4268-b823-85384484c9ba in Empty state. Created a new member id kafka-python-2.0.2-b574114e-6ee3-47a3-b63e-f2fe02cd99a4 for this member and add to the group. (kafka.coordinator.group.GroupCoordinator)
[2021-11-13 16:15:58,752] INFO [GroupCoordinator 0]: Preparing to rebalance group 57de0b18-6446-4268-b823-85384484c9ba in state PreparingRebalance with old generation 0 (__consumer_offsets-20) (reason: Adding new member kafka-python-2.0.2-b574114e-6ee3-47a3-b63e-f2fe02cd99a4 with group instance id None) (kafka.coordinator.group.GroupCoordinator)
[2021-11-13 16:15:58,753] INFO [GroupCoordinator 0]: Stabilized group 57de0b18-6446-4268-b823-85384484c9ba generation 1 (__consumer_offsets-20) with 1 members (kafka.coordinator.group.GroupCoordinator)
[2021-11-13 16:15:58,753] INFO [GroupCoordinator 0]: Assignment received from leader kafka-python-2.0.2-b574114e-6ee3-47a3-b63e-f2fe02cd99a4 for group 57de0b18-6446-4268-b823-85384484c9ba for generation 1. The group has 1 members, 0 of which are static. (kafka.coordinator.group.GroupCoordinator)
[2021-11-13 16:15:59,875] INFO [GroupCoordinator 0]: Preparing to rebalance group 57de0b18-6446-4268-b823-85384484c9ba in state PreparingRebalance with old generation 1 (__consumer_offsets-20) (reason: Removing member kafka-python-2.0.2-b574114e-6ee3-47a3-b63e-f2fe02cd99a4 on LeaveGroup) (kafka.coordinator.group.GroupCoordinator)
[2021-11-13 16:15:59,875] INFO [GroupCoordinator 0]: Group 57de0b18-6446-4268-b823-85384484c9ba with generation 2 is now empty (__consumer_offsets-20) (kafka.coordinator.group.GroupCoordinator)
[2021-11-13 16:15:59,876] INFO [GroupCoordinator 0]: Member MemberMetadata(memberId=kafka-python-2.0.2-b574114e-6ee3-47a3-b63e-f2fe02cd99a4, groupInstanceId=None, clientId=kafka-python-2.0.2, clientHost=/127.0.0.1, sessionTimeoutMs=10000, rebalanceTimeoutMs=300000, supportedProtocols=List(range, roundrobin)) has left group 57de0b18-6446-4268-b823-85384484c9ba through explicit `LeaveGroup` request (kafka.coordinator.group.GroupCoordinator)
[2021-11-13 16:17:04,784] INFO [GroupMetadataManager brokerId=0] Group c71e7c6e-90df-48aa-b38e-d5d9d5042d91as transitioned to Dead in generation 2 (kafka.coordinator.group.GroupMetadataManager)
[2021-11-13 16:17:04,784] INFO [GroupMetadataManager brokerId=0] Group d43a1858-367d-47f4-8d73-14dbe19bd866 transitioned to Dead in generation 2 (kafka.coordinator.group.GroupMetadataManager)
[2021-11-13 16:17:04,785] INFO [GroupMetadataManager brokerId=0] Group a8009f96-72d0-4b73-b53c-5ce38829d854 transitioned to Dead in generation 2 (kafka.coordinator.group.GroupMetadataManager)
[2021-11-13 16:17:04,785] INFO [GroupMetadataManager brokerId=0] Group 0e475b63-4acf-447f-9600-9e3e702c3150as transitioned to Dead in generation 2 (kafka.coordinator.group.GroupMetadataManager)
[2021-11-13 16:17:06,171] INFO [GroupCoordinator 0]: Dynamic Member with unknown member id joins group d2aa441e-fe34-4062-a81d-70a2fbd30fd2 in Empty state. Created a new member id kafka-python-2.0.2-79334258-8940-44a9-9cde-dd19422c3d28 for this member and add to the group. (kafka.coordinator.group.GroupCoordinator)
[2021-11-13 16:17:06,172] INFO [GroupCoordinator 0]: Preparing to rebalance group d2aa441e-fe34-4062-a81d-70a2fbd30fd2 in state PreparingRebalance with old generation 0 (__consumer_offsets-3) (reason: Adding new member kafka-python-2.0.2-79334258-8940-44a9-9cde-dd19422c3d28 with group instance id None) (kafka.coordinator.group.GroupCoordinator)
[2021-11-13 16:17:06,172] INFO [GroupCoordinator 0]: Stabilized group d2aa441e-fe34-4062-a81d-70a2fbd30fd2 generation 1 (__consumer_offsets-3) with 1 members (kafka.coordinator.group.GroupCoordinator)
[2021-11-13 16:17:06,173] INFO [GroupCoordinator 0]: Assignment received from leader kafka-python-2.0.2-79334258-8940-44a9-9cde-dd19422c3d28 for group d2aa441e-fe34-4062-a81d-70a2fbd30fd2 for generation 1. The group has 1 members, 0 of which are static. (kafka.coordinator.group.GroupCoordinator)
[2021-11-13 16:17:07,202] INFO [GroupCoordinator 0]: Preparing to rebalance group d2aa441e-fe34-4062-a81d-70a2fbd30fd2 in state PreparingRebalance with old generation 1 (__consumer_offsets-3) (reason: Removing member kafka-python-2.0.2-79334258-8940-44a9-9cde-dd19422c3d28 on LeaveGroup) (kafka.coordinator.group.GroupCoordinator)
[2021-11-13 16:17:07,202] INFO [GroupCoordinator 0]: Group d2aa441e-fe34-4062-a81d-70a2fbd30fd2 with generation 2 is now empty (__consumer_offsets-3) (kafka.coordinator.group.GroupCoordinator)
[2021-11-13 16:17:07,202] INFO [GroupCoordinator 0]: Member MemberMetadata(memberId=kafka-python-2.0.2-79334258-8940-44a9-9cde-dd19422c3d28, groupInstanceId=None, clientId=kafka-python-2.0.2, clientHost=/127.0.0.1, sessionTimeoutMs=10000, rebalanceTimeoutMs=300000, supportedProtocols=List(range, roundrobin)) has left group d2aa441e-fe34-4062-a81d-70a2fbd30fd2 through explicit `LeaveGroup` request (kafka.coordinator.group.GroupCoordinator)
[2021-11-13 16:17:26,037] INFO [GroupCoordinator 0]: Dynamic Member with unknown member id joins group 8e0b4f66-2691-497a-97e2-4c64e54ab711 in Empty state. Created a new member id kafka-python-2.0.2-b01a6af0-f6f8-4488-bc5f-cc439492bdbf for this member and add to the group. (kafka.coordinator.group.GroupCoordinator)
[2021-11-13 16:17:26,038] INFO [GroupCoordinator 0]: Preparing to rebalance group 8e0b4f66-2691-497a-97e2-4c64e54ab711 in state PreparingRebalance with old generation 0 (__consumer_offsets-16) (reason: Adding new member kafka-python-2.0.2-b01a6af0-f6f8-4488-bc5f-cc439492bdbf with group instance id None) (kafka.coordinator.group.GroupCoordinator)
[2021-11-13 16:17:26,038] INFO [GroupCoordinator 0]: Stabilized group 8e0b4f66-2691-497a-97e2-4c64e54ab711 generation 1 (__consumer_offsets-16) with 1 members (kafka.coordinator.group.GroupCoordinator)
[2021-11-13 16:17:26,039] INFO [GroupCoordinator 0]: Assignment received from leader kafka-python-2.0.2-b01a6af0-f6f8-4488-bc5f-cc439492bdbf for group 8e0b4f66-2691-497a-97e2-4c64e54ab711 for generation 1. The group has 1 members, 0 of which are static. (kafka.coordinator.group.GroupCoordinator)
[2021-11-13 16:17:27,066] INFO [GroupCoordinator 0]: Preparing to rebalance group 8e0b4f66-2691-497a-97e2-4c64e54ab711 in state PreparingRebalance with old generation 1 (__consumer_offsets-16) (reason: Removing member kafka-python-2.0.2-b01a6af0-f6f8-4488-bc5f-cc439492bdbf on LeaveGroup) (kafka.coordinator.group.GroupCoordinator)
[2021-11-13 16:17:27,066] INFO [GroupCoordinator 0]: Group 8e0b4f66-2691-497a-97e2-4c64e54ab711 with generation 2 is now empty (__consumer_offsets-16) (kafka.coordinator.group.GroupCoordinator)
[2021-11-13 16:17:27,066] INFO [GroupCoordinator 0]: Member MemberMetadata(memberId=kafka-python-2.0.2-b01a6af0-f6f8-4488-bc5f-cc439492bdbf, groupInstanceId=None, clientId=kafka-python-2.0.2, clientHost=/127.0.0.1, sessionTimeoutMs=10000, rebalanceTimeoutMs=300000, supportedProtocols=List(range, roundrobin)) has left group 8e0b4f66-2691-497a-97e2-4c64e54ab711 through explicit `LeaveGroup` request (kafka.coordinator.group.GroupCoordinator)
[2021-11-13 16:17:43,758] INFO [GroupCoordinator 0]: Dynamic Member with unknown member id joins group 75e96ed9-c4e6-4f8c-9bf0-35f888ffa553 in Empty state. Created a new member id kafka-python-2.0.2-dc9fbe2b-0eac-47a7-ad0a-dca6bea8dec4 for this member and add to the group. (kafka.coordinator.group.GroupCoordinator)
[2021-11-13 16:17:43,758] INFO [GroupCoordinator 0]: Preparing to rebalance group 75e96ed9-c4e6-4f8c-9bf0-35f888ffa553 in state PreparingRebalance with old generation 0 (__consumer_offsets-14) (reason: Adding new member kafka-python-2.0.2-dc9fbe2b-0eac-47a7-ad0a-dca6bea8dec4 with group instance id None) (kafka.coordinator.group.GroupCoordinator)
[2021-11-13 16:17:43,758] INFO [GroupCoordinator 0]: Stabilized group 75e96ed9-c4e6-4f8c-9bf0-35f888ffa553 generation 1 (__consumer_offsets-14) with 1 members (kafka.coordinator.group.GroupCoordinator)
[2021-11-13 16:17:43,759] INFO [GroupCoordinator 0]: Assignment received from leader kafka-python-2.0.2-dc9fbe2b-0eac-47a7-ad0a-dca6bea8dec4 for group 75e96ed9-c4e6-4f8c-9bf0-35f888ffa553 for generation 1. The group has 1 members, 0 of which are static. (kafka.coordinator.group.GroupCoordinator)
[2021-11-13 16:17:44,790] INFO [GroupCoordinator 0]: Preparing to rebalance group 75e96ed9-c4e6-4f8c-9bf0-35f888ffa553 in state PreparingRebalance with old generation 1 (__consumer_offsets-14) (reason: Removing member kafka-python-2.0.2-dc9fbe2b-0eac-47a7-ad0a-dca6bea8dec4 on LeaveGroup) (kafka.coordinator.group.GroupCoordinator)
[2021-11-13 16:17:44,790] INFO [GroupCoordinator 0]: Group 75e96ed9-c4e6-4f8c-9bf0-35f888ffa553 with generation 2 is now empty (__consumer_offsets-14) (kafka.coordinator.group.GroupCoordinator)
[2021-11-13 16:17:44,790] INFO [GroupCoordinator 0]: Member MemberMetadata(memberId=kafka-python-2.0.2-dc9fbe2b-0eac-47a7-ad0a-dca6bea8dec4, groupInstanceId=None, clientId=kafka-python-2.0.2, clientHost=/127.0.0.1, sessionTimeoutMs=10000, rebalanceTimeoutMs=300000, supportedProtocols=List(range, roundrobin)) has left group 75e96ed9-c4e6-4f8c-9bf0-35f888ffa553 through explicit `LeaveGroup` request (kafka.coordinator.group.GroupCoordinator)
[2021-11-13 16:18:03,986] INFO [GroupCoordinator 0]: Dynamic Member with unknown member id joins group ad975683-e1b4-435e-b09a-92e9aaaf28db in Empty state. Created a new member id kafka-python-2.0.2-81c0e084-8285-47fb-9984-bb98217391e4 for this member and add to the group. (kafka.coordinator.group.GroupCoordinator)
[2021-11-13 16:18:03,986] INFO [GroupCoordinator 0]: Preparing to rebalance group ad975683-e1b4-435e-b09a-92e9aaaf28db in state PreparingRebalance with old generation 0 (__consumer_offsets-28) (reason: Adding new member kafka-python-2.0.2-81c0e084-8285-47fb-9984-bb98217391e4 with group instance id None) (kafka.coordinator.group.GroupCoordinator)
[2021-11-13 16:18:03,987] INFO [GroupCoordinator 0]: Stabilized group ad975683-e1b4-435e-b09a-92e9aaaf28db generation 1 (__consumer_offsets-28) with 1 members (kafka.coordinator.group.GroupCoordinator)
[2021-11-13 16:18:03,988] INFO [GroupCoordinator 0]: Assignment received from leader kafka-python-2.0.2-81c0e084-8285-47fb-9984-bb98217391e4 for group ad975683-e1b4-435e-b09a-92e9aaaf28db for generation 1. The group has 1 members, 0 of which are static. (kafka.coordinator.group.GroupCoordinator)
[2021-11-13 16:18:05,110] INFO [GroupCoordinator 0]: Preparing to rebalance group ad975683-e1b4-435e-b09a-92e9aaaf28db in state PreparingRebalance with old generation 1 (__consumer_offsets-28) (reason: Removing member kafka-python-2.0.2-81c0e084-8285-47fb-9984-bb98217391e4 on LeaveGroup) (kafka.coordinator.group.GroupCoordinator)
[2021-11-13 16:18:05,110] INFO [GroupCoordinator 0]: Group ad975683-e1b4-435e-b09a-92e9aaaf28db with generation 2 is now empty (__consumer_offsets-28) (kafka.coordinator.group.GroupCoordinator)
[2021-11-13 16:18:05,110] INFO [GroupCoordinator 0]: Member MemberMetadata(memberId=kafka-python-2.0.2-81c0e084-8285-47fb-9984-bb98217391e4, groupInstanceId=None, clientId=kafka-python-2.0.2, clientHost=/127.0.0.1, sessionTimeoutMs=10000, rebalanceTimeoutMs=300000, supportedProtocols=List(range, roundrobin)) has left group ad975683-e1b4-435e-b09a-92e9aaaf28db through explicit `LeaveGroup` request (kafka.coordinator.group.GroupCoordinator)
[2021-11-13 16:18:39,691] INFO [GroupCoordinator 0]: Dynamic Member with unknown member id joins group dd74e915-dca3-46d0-b521-3f527274fb8a in Empty state. Created a new member id kafka-python-2.0.2-b856ab1a-f115-4c63-ab0e-c0f1ad33b6f8 for this member and add to the group. (kafka.coordinator.group.GroupCoordinator)
[2021-11-13 16:18:39,691] INFO [GroupCoordinator 0]: Preparing to rebalance group dd74e915-dca3-46d0-b521-3f527274fb8a in state PreparingRebalance with old generation 0 (__consumer_offsets-25) (reason: Adding new member kafka-python-2.0.2-b856ab1a-f115-4c63-ab0e-c0f1ad33b6f8 with group instance id None) (kafka.coordinator.group.GroupCoordinator)
[2021-11-13 16:18:39,691] INFO [GroupCoordinator 0]: Stabilized group dd74e915-dca3-46d0-b521-3f527274fb8a generation 1 (__consumer_offsets-25) with 1 members (kafka.coordinator.group.GroupCoordinator)
[2021-11-13 16:18:39,692] INFO [GroupCoordinator 0]: Assignment received from leader kafka-python-2.0.2-b856ab1a-f115-4c63-ab0e-c0f1ad33b6f8 for group dd74e915-dca3-46d0-b521-3f527274fb8a for generation 1. The group has 1 members, 0 of which are static. (kafka.coordinator.group.GroupCoordinator)
[2021-11-13 16:18:40,816] INFO [GroupCoordinator 0]: Preparing to rebalance group dd74e915-dca3-46d0-b521-3f527274fb8a in state PreparingRebalance with old generation 1 (__consumer_offsets-25) (reason: Removing member kafka-python-2.0.2-b856ab1a-f115-4c63-ab0e-c0f1ad33b6f8 on LeaveGroup) (kafka.coordinator.group.GroupCoordinator)
[2021-11-13 16:18:40,816] INFO [GroupCoordinator 0]: Group dd74e915-dca3-46d0-b521-3f527274fb8a with generation 2 is now empty (__consumer_offsets-25) (kafka.coordinator.group.GroupCoordinator)
[2021-11-13 16:18:40,816] INFO [GroupCoordinator 0]: Member MemberMetadata(memberId=kafka-python-2.0.2-b856ab1a-f115-4c63-ab0e-c0f1ad33b6f8, groupInstanceId=None, clientId=kafka-python-2.0.2, clientHost=/127.0.0.1, sessionTimeoutMs=10000, rebalanceTimeoutMs=300000, supportedProtocols=List(range, roundrobin)) has left group dd74e915-dca3-46d0-b521-3f527274fb8a through explicit `LeaveGroup` request (kafka.coordinator.group.GroupCoordinator)
[2021-11-13 16:19:52,912] INFO [GroupCoordinator 0]: Dynamic Member with unknown member id joins group 025cc825-1c26-489c-986d-95711c5429f4 in Empty state. Created a new member id kafka-python-2.0.2-ab42c3dd-718a-49cc-85d2-5c9e3a6b3135 for this member and add to the group. (kafka.coordinator.group.GroupCoordinator)
[2021-11-13 16:19:52,912] INFO [GroupCoordinator 0]: Preparing to rebalance group 025cc825-1c26-489c-986d-95711c5429f4 in state PreparingRebalance with old generation 0 (__consumer_offsets-7) (reason: Adding new member kafka-python-2.0.2-ab42c3dd-718a-49cc-85d2-5c9e3a6b3135 with group instance id None) (kafka.coordinator.group.GroupCoordinator)
[2021-11-13 16:19:52,913] INFO [GroupCoordinator 0]: Stabilized group 025cc825-1c26-489c-986d-95711c5429f4 generation 1 (__consumer_offsets-7) with 1 members (kafka.coordinator.group.GroupCoordinator)
[2021-11-13 16:19:52,913] INFO [GroupCoordinator 0]: Assignment received from leader kafka-python-2.0.2-ab42c3dd-718a-49cc-85d2-5c9e3a6b3135 for group 025cc825-1c26-489c-986d-95711c5429f4 for generation 1. The group has 1 members, 0 of which are static. (kafka.coordinator.group.GroupCoordinator)
[2021-11-13 16:19:53,945] INFO [GroupCoordinator 0]: Preparing to rebalance group 025cc825-1c26-489c-986d-95711c5429f4 in state PreparingRebalance with old generation 1 (__consumer_offsets-7) (reason: Removing member kafka-python-2.0.2-ab42c3dd-718a-49cc-85d2-5c9e3a6b3135 on LeaveGroup) (kafka.coordinator.group.GroupCoordinator)
[2021-11-13 16:19:53,945] INFO [GroupCoordinator 0]: Group 025cc825-1c26-489c-986d-95711c5429f4 with generation 2 is now empty (__consumer_offsets-7) (kafka.coordinator.group.GroupCoordinator)
[2021-11-13 16:19:53,946] INFO [GroupCoordinator 0]: Member MemberMetadata(memberId=kafka-python-2.0.2-ab42c3dd-718a-49cc-85d2-5c9e3a6b3135, groupInstanceId=None, clientId=kafka-python-2.0.2, clientHost=/127.0.0.1, sessionTimeoutMs=10000, rebalanceTimeoutMs=300000, supportedProtocols=List(range, roundrobin)) has left group 025cc825-1c26-489c-986d-95711c5429f4 through explicit `LeaveGroup` request (kafka.coordinator.group.GroupCoordinator)
[2021-11-13 16:20:36,195] INFO [GroupCoordinator 0]: Dynamic Member with unknown member id joins group 7b83d6c9-2a4f-40fe-89be-f028a0097fcc in Empty state. Created a new member id kafka-python-2.0.2-17ed12dc-74b8-463a-b11d-c7334df6c5b2 for this member and add to the group. (kafka.coordinator.group.GroupCoordinator)
[2021-11-13 16:20:36,195] INFO [GroupCoordinator 0]: Preparing to rebalance group 7b83d6c9-2a4f-40fe-89be-f028a0097fcc in state PreparingRebalance with old generation 0 (__consumer_offsets-37) (reason: Adding new member kafka-python-2.0.2-17ed12dc-74b8-463a-b11d-c7334df6c5b2 with group instance id None) (kafka.coordinator.group.GroupCoordinator)
[2021-11-13 16:20:36,195] INFO [GroupCoordinator 0]: Stabilized group 7b83d6c9-2a4f-40fe-89be-f028a0097fcc generation 1 (__consumer_offsets-37) with 1 members (kafka.coordinator.group.GroupCoordinator)
[2021-11-13 16:20:36,197] INFO [GroupCoordinator 0]: Assignment received from leader kafka-python-2.0.2-17ed12dc-74b8-463a-b11d-c7334df6c5b2 for group 7b83d6c9-2a4f-40fe-89be-f028a0097fcc for generation 1. The group has 1 members, 0 of which are static. (kafka.coordinator.group.GroupCoordinator)
[2021-11-13 16:20:36,199] INFO [GroupCoordinator 0]: Preparing to rebalance group 7b83d6c9-2a4f-40fe-89be-f028a0097fcc in state PreparingRebalance with old generation 1 (__consumer_offsets-37) (reason: Leader kafka-python-2.0.2-17ed12dc-74b8-463a-b11d-c7334df6c5b2 re-joining group during Stable) (kafka.coordinator.group.GroupCoordinator)
[2021-11-13 16:20:36,199] INFO [GroupCoordinator 0]: Stabilized group 7b83d6c9-2a4f-40fe-89be-f028a0097fcc generation 2 (__consumer_offsets-37) with 1 members (kafka.coordinator.group.GroupCoordinator)
[2021-11-13 16:20:36,200] INFO [GroupCoordinator 0]: Assignment received from leader kafka-python-2.0.2-17ed12dc-74b8-463a-b11d-c7334df6c5b2 for group 7b83d6c9-2a4f-40fe-89be-f028a0097fcc for generation 2. The group has 1 members, 0 of which are static. (kafka.coordinator.group.GroupCoordinator)
[2021-11-13 16:20:37,355] INFO [GroupCoordinator 0]: Preparing to rebalance group 7b83d6c9-2a4f-40fe-89be-f028a0097fcc in state PreparingRebalance with old generation 2 (__consumer_offsets-37) (reason: Removing member kafka-python-2.0.2-17ed12dc-74b8-463a-b11d-c7334df6c5b2 on LeaveGroup) (kafka.coordinator.group.GroupCoordinator)
[2021-11-13 16:20:37,355] INFO [GroupCoordinator 0]: Group 7b83d6c9-2a4f-40fe-89be-f028a0097fcc with generation 3 is now empty (__consumer_offsets-37) (kafka.coordinator.group.GroupCoordinator)
[2021-11-13 16:20:37,355] INFO [GroupCoordinator 0]: Member MemberMetadata(memberId=kafka-python-2.0.2-17ed12dc-74b8-463a-b11d-c7334df6c5b2, groupInstanceId=None, clientId=kafka-python-2.0.2, clientHost=/127.0.0.1, sessionTimeoutMs=10000, rebalanceTimeoutMs=300000, supportedProtocols=List(range, roundrobin)) has left group 7b83d6c9-2a4f-40fe-89be-f028a0097fcc through explicit `LeaveGroup` request (kafka.coordinator.group.GroupCoordinator)
[2021-11-13 16:20:45,044] INFO [GroupCoordinator 0]: Dynamic Member with unknown member id joins group 58b84201-acbe-4590-95a6-651ae33ac3a7 in Empty state. Created a new member id kafka-python-2.0.2-b595be22-de6a-488b-86bc-53c9137ee4de for this member and add to the group. (kafka.coordinator.group.GroupCoordinator)
[2021-11-13 16:20:45,044] INFO [GroupCoordinator 0]: Preparing to rebalance group 58b84201-acbe-4590-95a6-651ae33ac3a7 in state PreparingRebalance with old generation 0 (__consumer_offsets-37) (reason: Adding new member kafka-python-2.0.2-b595be22-de6a-488b-86bc-53c9137ee4de with group instance id None) (kafka.coordinator.group.GroupCoordinator)
[2021-11-13 16:20:45,045] INFO [GroupCoordinator 0]: Stabilized group 58b84201-acbe-4590-95a6-651ae33ac3a7 generation 1 (__consumer_offsets-37) with 1 members (kafka.coordinator.group.GroupCoordinator)
[2021-11-13 16:20:45,046] INFO [GroupCoordinator 0]: Assignment received from leader kafka-python-2.0.2-b595be22-de6a-488b-86bc-53c9137ee4de for group 58b84201-acbe-4590-95a6-651ae33ac3a7 for generation 1. The group has 1 members, 0 of which are static. (kafka.coordinator.group.GroupCoordinator)
[2021-11-13 16:20:46,072] INFO [GroupCoordinator 0]: Preparing to rebalance group 58b84201-acbe-4590-95a6-651ae33ac3a7 in state PreparingRebalance with old generation 1 (__consumer_offsets-37) (reason: Removing member kafka-python-2.0.2-b595be22-de6a-488b-86bc-53c9137ee4de on LeaveGroup) (kafka.coordinator.group.GroupCoordinator)
[2021-11-13 16:20:46,072] INFO [GroupCoordinator 0]: Group 58b84201-acbe-4590-95a6-651ae33ac3a7 with generation 2 is now empty (__consumer_offsets-37) (kafka.coordinator.group.GroupCoordinator)
[2021-11-13 16:20:46,073] INFO [GroupCoordinator 0]: Member MemberMetadata(memberId=kafka-python-2.0.2-b595be22-de6a-488b-86bc-53c9137ee4de, groupInstanceId=None, clientId=kafka-python-2.0.2, clientHost=/127.0.0.1, sessionTimeoutMs=10000, rebalanceTimeoutMs=300000, supportedProtocols=List(range, roundrobin)) has left group 58b84201-acbe-4590-95a6-651ae33ac3a7 through explicit `LeaveGroup` request (kafka.coordinator.group.GroupCoordinator)
[2021-11-13 16:20:47,738] INFO [GroupCoordinator 0]: Dynamic Member with unknown member id joins group 633c62db-131c-4ff2-a625-e3005511ddbb in Empty state. Created a new member id kafka-python-2.0.2-c8e2a1e3-f9da-4fd1-84a2-44c01d51605a for this member and add to the group. (kafka.coordinator.group.GroupCoordinator)
[2021-11-13 16:20:47,738] INFO [GroupCoordinator 0]: Preparing to rebalance group 633c62db-131c-4ff2-a625-e3005511ddbb in state PreparingRebalance with old generation 0 (__consumer_offsets-15) (reason: Adding new member kafka-python-2.0.2-c8e2a1e3-f9da-4fd1-84a2-44c01d51605a with group instance id None) (kafka.coordinator.group.GroupCoordinator)
[2021-11-13 16:20:47,738] INFO [GroupCoordinator 0]: Stabilized group 633c62db-131c-4ff2-a625-e3005511ddbb generation 1 (__consumer_offsets-15) with 1 members (kafka.coordinator.group.GroupCoordinator)
[2021-11-13 16:20:47,739] INFO [GroupCoordinator 0]: Assignment received from leader kafka-python-2.0.2-c8e2a1e3-f9da-4fd1-84a2-44c01d51605a for group 633c62db-131c-4ff2-a625-e3005511ddbb for generation 1. The group has 1 members, 0 of which are static. (kafka.coordinator.group.GroupCoordinator)
[2021-11-13 16:20:48,763] INFO [GroupCoordinator 0]: Preparing to rebalance group 633c62db-131c-4ff2-a625-e3005511ddbb in state PreparingRebalance with old generation 1 (__consumer_offsets-15) (reason: Removing member kafka-python-2.0.2-c8e2a1e3-f9da-4fd1-84a2-44c01d51605a on LeaveGroup) (kafka.coordinator.group.GroupCoordinator)
[2021-11-13 16:20:48,763] INFO [GroupCoordinator 0]: Group 633c62db-131c-4ff2-a625-e3005511ddbb with generation 2 is now empty (__consumer_offsets-15) (kafka.coordinator.group.GroupCoordinator)
[2021-11-13 16:20:48,763] INFO [GroupCoordinator 0]: Member MemberMetadata(memberId=kafka-python-2.0.2-c8e2a1e3-f9da-4fd1-84a2-44c01d51605a, groupInstanceId=None, clientId=kafka-python-2.0.2, clientHost=/127.0.0.1, sessionTimeoutMs=10000, rebalanceTimeoutMs=300000, supportedProtocols=List(range, roundrobin)) has left group 633c62db-131c-4ff2-a625-e3005511ddbb through explicit `LeaveGroup` request (kafka.coordinator.group.GroupCoordinator)
[2021-11-13 16:21:37,102] INFO [GroupCoordinator 0]: Dynamic Member with unknown member id joins group ee95566f-4e3a-45ec-bc3e-e83304852449 in Empty state. Created a new member id kafka-python-2.0.2-afa9f07a-45a3-46ea-bf97-b6f7820f7182 for this member and add to the group. (kafka.coordinator.group.GroupCoordinator)
[2021-11-13 16:21:37,102] INFO [GroupCoordinator 0]: Preparing to rebalance group ee95566f-4e3a-45ec-bc3e-e83304852449 in state PreparingRebalance with old generation 0 (__consumer_offsets-7) (reason: Adding new member kafka-python-2.0.2-afa9f07a-45a3-46ea-bf97-b6f7820f7182 with group instance id None) (kafka.coordinator.group.GroupCoordinator)
[2021-11-13 16:21:37,102] INFO [GroupCoordinator 0]: Stabilized group ee95566f-4e3a-45ec-bc3e-e83304852449 generation 1 (__consumer_offsets-7) with 1 members (kafka.coordinator.group.GroupCoordinator)
[2021-11-13 16:21:37,103] INFO [GroupCoordinator 0]: Assignment received from leader kafka-python-2.0.2-afa9f07a-45a3-46ea-bf97-b6f7820f7182 for group ee95566f-4e3a-45ec-bc3e-e83304852449 for generation 1. The group has 1 members, 0 of which are static. (kafka.coordinator.group.GroupCoordinator)
[2021-11-13 16:21:38,224] INFO [GroupCoordinator 0]: Preparing to rebalance group ee95566f-4e3a-45ec-bc3e-e83304852449 in state PreparingRebalance with old generation 1 (__consumer_offsets-7) (reason: Removing member kafka-python-2.0.2-afa9f07a-45a3-46ea-bf97-b6f7820f7182 on LeaveGroup) (kafka.coordinator.group.GroupCoordinator)
[2021-11-13 16:21:38,225] INFO [GroupCoordinator 0]: Group ee95566f-4e3a-45ec-bc3e-e83304852449 with generation 2 is now empty (__consumer_offsets-7) (kafka.coordinator.group.GroupCoordinator)
[2021-11-13 16:21:38,225] INFO [GroupCoordinator 0]: Member MemberMetadata(memberId=kafka-python-2.0.2-afa9f07a-45a3-46ea-bf97-b6f7820f7182, groupInstanceId=None, clientId=kafka-python-2.0.2, clientHost=/127.0.0.1, sessionTimeoutMs=10000, rebalanceTimeoutMs=300000, supportedProtocols=List(range, roundrobin)) has left group ee95566f-4e3a-45ec-bc3e-e83304852449 through explicit `LeaveGroup` request (kafka.coordinator.group.GroupCoordinator)
[2021-11-13 16:22:20,067] INFO [GroupCoordinator 0]: Dynamic Member with unknown member id joins group ac10ef1b-1f84-4f04-ad10-6e48417499b0 in Empty state. Created a new member id kafka-python-2.0.2-1f829ae3-b1ee-488e-845e-c8ac3080c4af for this member and add to the group. (kafka.coordinator.group.GroupCoordinator)
[2021-11-13 16:22:20,067] INFO [GroupCoordinator 0]: Preparing to rebalance group ac10ef1b-1f84-4f04-ad10-6e48417499b0 in state PreparingRebalance with old generation 0 (__consumer_offsets-11) (reason: Adding new member kafka-python-2.0.2-1f829ae3-b1ee-488e-845e-c8ac3080c4af with group instance id None) (kafka.coordinator.group.GroupCoordinator)
[2021-11-13 16:22:20,067] INFO [GroupCoordinator 0]: Stabilized group ac10ef1b-1f84-4f04-ad10-6e48417499b0 generation 1 (__consumer_offsets-11) with 1 members (kafka.coordinator.group.GroupCoordinator)
[2021-11-13 16:22:20,068] INFO [GroupCoordinator 0]: Assignment received from leader kafka-python-2.0.2-1f829ae3-b1ee-488e-845e-c8ac3080c4af for group ac10ef1b-1f84-4f04-ad10-6e48417499b0 for generation 1. The group has 1 members, 0 of which are static. (kafka.coordinator.group.GroupCoordinator)
[2021-11-13 16:22:21,109] INFO [GroupCoordinator 0]: Preparing to rebalance group ac10ef1b-1f84-4f04-ad10-6e48417499b0 in state PreparingRebalance with old generation 1 (__consumer_offsets-11) (reason: Removing member kafka-python-2.0.2-1f829ae3-b1ee-488e-845e-c8ac3080c4af on LeaveGroup) (kafka.coordinator.group.GroupCoordinator)
[2021-11-13 16:22:21,109] INFO [GroupCoordinator 0]: Group ac10ef1b-1f84-4f04-ad10-6e48417499b0 with generation 2 is now empty (__consumer_offsets-11) (kafka.coordinator.group.GroupCoordinator)
[2021-11-13 16:22:21,109] INFO [GroupCoordinator 0]: Member MemberMetadata(memberId=kafka-python-2.0.2-1f829ae3-b1ee-488e-845e-c8ac3080c4af, groupInstanceId=None, clientId=kafka-python-2.0.2, clientHost=/127.0.0.1, sessionTimeoutMs=10000, rebalanceTimeoutMs=300000, supportedProtocols=List(range, roundrobin)) has left group ac10ef1b-1f84-4f04-ad10-6e48417499b0 through explicit `LeaveGroup` request (kafka.coordinator.group.GroupCoordinator)
[2021-11-13 16:48:26,205] INFO [GroupCoordinator 0]: Preparing to rebalance group console-consumer-1885 in state PreparingRebalance with old generation 1 (__consumer_offsets-31) (reason: Removing member consumer-console-consumer-1885-1-62bf1dd2-12ba-4dea-8feb-6d544faa57ed on LeaveGroup) (kafka.coordinator.group.GroupCoordinator)
[2021-11-13 16:48:26,205] INFO [GroupCoordinator 0]: Group console-consumer-1885 with generation 2 is now empty (__consumer_offsets-31) (kafka.coordinator.group.GroupCoordinator)
[2021-11-13 16:48:26,221] INFO [GroupCoordinator 0]: Member MemberMetadata(memberId=consumer-console-consumer-1885-1-62bf1dd2-12ba-4dea-8feb-6d544faa57ed, groupInstanceId=None, clientId=consumer-console-consumer-1885-1, clientHost=/127.0.0.1, sessionTimeoutMs=45000, rebalanceTimeoutMs=300000, supportedProtocols=List(range, cooperative-sticky)) has left group console-consumer-1885 through explicit `LeaveGroup` request (kafka.coordinator.group.GroupCoordinator)
[2021-11-13 16:50:47,064] INFO Creating topic topic100 with configuration {} and initial partition assignment HashMap(0 -> ArrayBuffer(0)) (kafka.zk.AdminZkClient)
[2021-11-13 16:50:47,138] INFO [ReplicaFetcherManager on broker 0] Removed fetcher for partitions Set(topic100-0) (kafka.server.ReplicaFetcherManager)
[2021-11-13 16:50:47,139] INFO [LogLoader partition=topic100-0, dir=/tmp/kafka-logs] Loading producer state till offset 0 with message format version 2 (kafka.log.Log$)
[2021-11-13 16:50:47,140] INFO Created log for partition topic100-0 in /tmp/kafka-logs/topic100-0 with properties {} (kafka.log.LogManager)
[2021-11-13 16:50:47,140] INFO [Partition topic100-0 broker=0] No checkpointed highwatermark is found for partition topic100-0 (kafka.cluster.Partition)
[2021-11-13 16:50:47,141] INFO [Partition topic100-0 broker=0] Log loaded for partition topic100-0 with initial high watermark 0 (kafka.cluster.Partition)
[2021-11-13 16:51:52,359] INFO [GroupCoordinator 0]: Dynamic Member with unknown member id joins group c79b628d-dc0a-4824-b0d4-0a27a216a4e6 in Empty state. Created a new member id kafka-python-2.0.2-d3550899-4939-422b-a1da-6e2a2063ff55 for this member and add to the group. (kafka.coordinator.group.GroupCoordinator)
[2021-11-13 16:51:52,360] INFO [GroupCoordinator 0]: Preparing to rebalance group c79b628d-dc0a-4824-b0d4-0a27a216a4e6 in state PreparingRebalance with old generation 0 (__consumer_offsets-17) (reason: Adding new member kafka-python-2.0.2-d3550899-4939-422b-a1da-6e2a2063ff55 with group instance id None) (kafka.coordinator.group.GroupCoordinator)
[2021-11-13 16:51:52,360] INFO [GroupCoordinator 0]: Stabilized group c79b628d-dc0a-4824-b0d4-0a27a216a4e6 generation 1 (__consumer_offsets-17) with 1 members (kafka.coordinator.group.GroupCoordinator)
[2021-11-13 16:51:52,361] INFO [GroupCoordinator 0]: Assignment received from leader kafka-python-2.0.2-d3550899-4939-422b-a1da-6e2a2063ff55 for group c79b628d-dc0a-4824-b0d4-0a27a216a4e6 for generation 1. The group has 1 members, 0 of which are static. (kafka.coordinator.group.GroupCoordinator)
[2021-11-13 16:51:53,467] INFO [GroupCoordinator 0]: Preparing to rebalance group c79b628d-dc0a-4824-b0d4-0a27a216a4e6 in state PreparingRebalance with old generation 1 (__consumer_offsets-17) (reason: Removing member kafka-python-2.0.2-d3550899-4939-422b-a1da-6e2a2063ff55 on LeaveGroup) (kafka.coordinator.group.GroupCoordinator)
[2021-11-13 16:51:53,467] INFO [GroupCoordinator 0]: Group c79b628d-dc0a-4824-b0d4-0a27a216a4e6 with generation 2 is now empty (__consumer_offsets-17) (kafka.coordinator.group.GroupCoordinator)
[2021-11-13 16:51:53,467] INFO [GroupCoordinator 0]: Member MemberMetadata(memberId=kafka-python-2.0.2-d3550899-4939-422b-a1da-6e2a2063ff55, groupInstanceId=None, clientId=kafka-python-2.0.2, clientHost=/127.0.0.1, sessionTimeoutMs=10000, rebalanceTimeoutMs=300000, supportedProtocols=List(range, roundrobin)) has left group c79b628d-dc0a-4824-b0d4-0a27a216a4e6 through explicit `LeaveGroup` request (kafka.coordinator.group.GroupCoordinator)
[2021-11-13 16:51:53,925] INFO Creating topic topic200 with configuration {} and initial partition assignment HashMap(0 -> ArrayBuffer(0)) (kafka.zk.AdminZkClient)
[2021-11-13 16:51:54,005] INFO [ReplicaFetcherManager on broker 0] Removed fetcher for partitions Set(topic200-0) (kafka.server.ReplicaFetcherManager)
[2021-11-13 16:51:54,006] INFO [LogLoader partition=topic200-0, dir=/tmp/kafka-logs] Loading producer state till offset 0 with message format version 2 (kafka.log.Log$)
[2021-11-13 16:51:54,007] INFO Created log for partition topic200-0 in /tmp/kafka-logs/topic200-0 with properties {} (kafka.log.LogManager)
[2021-11-13 16:51:54,007] INFO [Partition topic200-0 broker=0] No checkpointed highwatermark is found for partition topic200-0 (kafka.cluster.Partition)
[2021-11-13 16:51:54,008] INFO [Partition topic200-0 broker=0] Log loaded for partition topic200-0 with initial high watermark 0 (kafka.cluster.Partition)
