[2021-11-13 16:50:47,104] INFO [Controller id=0 epoch=1] Changed partition topic100-0 state from NonExistentPartition to NewPartition with assigned replicas 0 (state.change.logger)
[2021-11-13 16:50:47,104] INFO [Controller id=0 epoch=1] Sending UpdateMetadata request to brokers HashSet() for 0 partitions (state.change.logger)
[2021-11-13 16:50:47,105] INFO [Controller id=0 epoch=1] Sending UpdateMetadata request to brokers HashSet() for 0 partitions (state.change.logger)
[2021-11-13 16:50:47,136] INFO [Controller id=0 epoch=1] Changed partition topic100-0 from NewPartition to OnlinePartition with state LeaderAndIsr(leader=0, leaderEpoch=0, isr=List(0), zkVersion=0) (state.change.logger)
[2021-11-13 16:50:47,136] INFO [Controller id=0 epoch=1] Sending LeaderAndIsr request to broker 0 with 1 become-leader and 0 become-follower partitions (state.change.logger)
[2021-11-13 16:50:47,136] INFO [Controller id=0 epoch=1] Sending UpdateMetadata request to brokers HashSet(0) for 1 partitions (state.change.logger)
[2021-11-13 16:50:47,137] INFO [Controller id=0 epoch=1] Sending UpdateMetadata request to brokers HashSet() for 0 partitions (state.change.logger)
[2021-11-13 16:50:47,137] INFO [Broker id=0] Handling LeaderAndIsr request correlationId 30 from controller 0 for 1 partitions (state.change.logger)
[2021-11-13 16:50:47,138] INFO [Broker id=0] Stopped fetchers as part of LeaderAndIsr request correlationId 30 from controller 0 epoch 1 as part of the become-leader transition for 1 partitions (state.change.logger)
[2021-11-13 16:50:47,141] INFO [Broker id=0] Leader topic100-0 starts at leader epoch 0 from offset 0 with high watermark 0 ISR [0] addingReplicas [] removingReplicas []. Previous leader epoch was -1. (state.change.logger)
[2021-11-13 16:50:47,285] INFO [Broker id=0] Finished LeaderAndIsr request in 148ms correlationId 30 from controller 0 for 1 partitions (state.change.logger)
[2021-11-13 16:50:47,286] INFO [Broker id=0] Add 1 partitions and deleted 0 partitions from metadata cache in response to UpdateMetadata request sent by controller 0 epoch 1 with correlation id 31 (state.change.logger)
[2021-11-13 16:51:53,972] INFO [Controller id=0 epoch=1] Changed partition topic200-0 state from NonExistentPartition to NewPartition with assigned replicas 0 (state.change.logger)
[2021-11-13 16:51:53,972] INFO [Controller id=0 epoch=1] Sending UpdateMetadata request to brokers HashSet() for 0 partitions (state.change.logger)
[2021-11-13 16:51:53,972] INFO [Controller id=0 epoch=1] Sending UpdateMetadata request to brokers HashSet() for 0 partitions (state.change.logger)
[2021-11-13 16:51:54,004] INFO [Controller id=0 epoch=1] Changed partition topic200-0 from NewPartition to OnlinePartition with state LeaderAndIsr(leader=0, leaderEpoch=0, isr=List(0), zkVersion=0) (state.change.logger)
[2021-11-13 16:51:54,004] INFO [Controller id=0 epoch=1] Sending LeaderAndIsr request to broker 0 with 1 become-leader and 0 become-follower partitions (state.change.logger)
[2021-11-13 16:51:54,004] INFO [Controller id=0 epoch=1] Sending UpdateMetadata request to brokers HashSet(0) for 1 partitions (state.change.logger)
[2021-11-13 16:51:54,004] INFO [Controller id=0 epoch=1] Sending UpdateMetadata request to brokers HashSet() for 0 partitions (state.change.logger)
[2021-11-13 16:51:54,004] INFO [Broker id=0] Handling LeaderAndIsr request correlationId 32 from controller 0 for 1 partitions (state.change.logger)
[2021-11-13 16:51:54,005] INFO [Broker id=0] Stopped fetchers as part of LeaderAndIsr request correlationId 32 from controller 0 epoch 1 as part of the become-leader transition for 1 partitions (state.change.logger)
[2021-11-13 16:51:54,008] INFO [Broker id=0] Leader topic200-0 starts at leader epoch 0 from offset 0 with high watermark 0 ISR [0] addingReplicas [] removingReplicas []. Previous leader epoch was -1. (state.change.logger)
[2021-11-13 16:51:54,137] INFO [Broker id=0] Finished LeaderAndIsr request in 133ms correlationId 32 from controller 0 for 1 partitions (state.change.logger)
[2021-11-13 16:51:54,138] INFO [Broker id=0] Add 1 partitions and deleted 0 partitions from metadata cache in response to UpdateMetadata request sent by controller 0 epoch 1 with correlation id 33 (state.change.logger)
